  evaluate_weight.cpp
C:\Users\24391\OneDrive - sjtu.edu.cn\MineData\Learning\Code\Projects\Modules\CPGEO\CPGEO\dlls\src\CPGEO\evaluate_weight.cpp(325,57): warning C4267: “+=”: 从“size_t”转换到“int”，可能丢失数据
  (编译源文件“/evaluate_weight.cpp”)
  
C:\Users\24391\OneDrive - sjtu.edu.cn\MineData\Learning\Code\Projects\Modules\CPGEO\CPGEO\dlls\src\CPGEO\evaluate_weight.cpp(349,7): warning C4273: “build_trees”: dll 链接不一致
  (编译源文件“/evaluate_weight.cpp”)
      C:\Users\24391\OneDrive - sjtu.edu.cn\MineData\Learning\Code\Projects\Modules\CPGEO\CPGEO\dlls\src\CPGEO\pch.h(20,18):
      参见“build_trees”的前一个定义
  
C:\Users\24391\OneDrive - sjtu.edu.cn\MineData\Learning\Code\Projects\Modules\CPGEO\CPGEO\dlls\src\CPGEO\evaluate_weight.cpp(357,6): warning C4273: “delete_trees”: dll 链接不一致
  (编译源文件“/evaluate_weight.cpp”)
      C:\Users\24391\OneDrive - sjtu.edu.cn\MineData\Learning\Code\Projects\Modules\CPGEO\CPGEO\dlls\src\CPGEO\pch.h(21,17):
      参见“delete_trees”的前一个定义
  
C:\Users\24391\OneDrive - sjtu.edu.cn\MineData\Learning\Code\Projects\Modules\CPGEO\CPGEO\dlls\src\CPGEO\evaluate_weight.cpp(365,6): warning C4273: “cal_indices”: dll 链接不一致
  (编译源文件“/evaluate_weight.cpp”)
      C:\Users\24391\OneDrive - sjtu.edu.cn\MineData\Learning\Code\Projects\Modules\CPGEO\CPGEO\dlls\src\CPGEO\pch.h(22,17):
      参见“cal_indices”的前一个定义
  
C:\Users\24391\OneDrive - sjtu.edu.cn\MineData\Learning\Code\Projects\Modules\CPGEO\CPGEO\dlls\src\CPGEO\evaluate_weight.cpp(375,40): warning C4267: “=”: 从“size_t”转换到“int”，可能丢失数据
  (编译源文件“/evaluate_weight.cpp”)
  
C:\Users\24391\OneDrive - sjtu.edu.cn\MineData\Learning\Code\Projects\Modules\CPGEO\CPGEO\dlls\src\CPGEO\evaluate_weight.cpp(402,6): warning C4273: “get_indices”: dll 链接不一致
  (编译源文件“/evaluate_weight.cpp”)
      C:\Users\24391\OneDrive - sjtu.edu.cn\MineData\Learning\Code\Projects\Modules\CPGEO\CPGEO\dlls\src\CPGEO\pch.h(23,17):
      参见“get_indices”的前一个定义
  
  CPGEO.vcxproj -> C:\Users\24391\OneDrive - sjtu.edu.cn\MineData\Learning\Code\Projects\_C_codes\C_code\x64\Debug\CPGEO.dll
