c:\users\24391\onedrive - sjtu.edu.cn\minedata\learning\code\projects\modules\cpgeo\cpgeo\dlls\src\cpgeo\x64\debug\cpgeo.pch
c:\users\24391\onedrive - sjtu.edu.cn\minedata\learning\code\projects\modules\cpgeo\cpgeo\dlls\src\cpgeo\x64\debug\vc143.pdb
c:\users\24391\onedrive - sjtu.edu.cn\minedata\learning\code\projects\modules\cpgeo\cpgeo\dlls\src\cpgeo\x64\debug\vc143.idb
c:\users\24391\onedrive - sjtu.edu.cn\minedata\learning\code\projects\modules\cpgeo\cpgeo\dlls\src\cpgeo\x64\debug\pch.obj
c:\users\24391\onedrive - sjtu.edu.cn\minedata\learning\code\projects\modules\cpgeo\cpgeo\dlls\src\cpgeo\x64\debug\triangular_mesh.obj
c:\users\24391\onedrive - sjtu.edu.cn\minedata\learning\code\projects\modules\cpgeo\cpgeo\dlls\src\cpgeo\x64\debug\flip_edges.obj
c:\users\24391\onedrive - sjtu.edu.cn\minedata\learning\code\projects\modules\cpgeo\cpgeo\dlls\src\cpgeo\x64\debug\evaluate_weight.obj
c:\users\24391\onedrive - sjtu.edu.cn\minedata\learning\code\projects\modules\cpgeo\cpgeo\dlls\src\cpgeo\x64\debug\dllmain.obj
c:\users\24391\onedrive - sjtu.edu.cn\minedata\learning\code\projects\_c_codes\c_code\x64\debug\cpgeo.dll
c:\users\24391\onedrive - sjtu.edu.cn\minedata\learning\code\projects\_c_codes\c_code\x64\debug\cpgeo.pdb
c:\users\24391\onedrive - sjtu.edu.cn\minedata\learning\code\projects\_c_codes\c_code\x64\debug\cpgeo.lib
c:\users\24391\onedrive - sjtu.edu.cn\minedata\learning\code\projects\_c_codes\c_code\x64\debug\cpgeo.exp
c:\users\24391\onedrive - sjtu.edu.cn\minedata\learning\code\projects\modules\cpgeo\cpgeo\dlls\src\cpgeo\x64\debug\cpgeo.ilk
c:\users\24391\onedrive - sjtu.edu.cn\minedata\learning\code\projects\modules\cpgeo\cpgeo\dlls\src\cpgeo\x64\debug\cpgeo.tlog\cl.command.1.tlog
c:\users\24391\onedrive - sjtu.edu.cn\minedata\learning\code\projects\modules\cpgeo\cpgeo\dlls\src\cpgeo\x64\debug\cpgeo.tlog\cl.items.tlog
c:\users\24391\onedrive - sjtu.edu.cn\minedata\learning\code\projects\modules\cpgeo\cpgeo\dlls\src\cpgeo\x64\debug\cpgeo.tlog\cl.read.1.tlog
c:\users\24391\onedrive - sjtu.edu.cn\minedata\learning\code\projects\modules\cpgeo\cpgeo\dlls\src\cpgeo\x64\debug\cpgeo.tlog\cl.write.1.tlog
c:\users\24391\onedrive - sjtu.edu.cn\minedata\learning\code\projects\modules\cpgeo\cpgeo\dlls\src\cpgeo\x64\debug\cpgeo.tlog\link.command.1.tlog
c:\users\24391\onedrive - sjtu.edu.cn\minedata\learning\code\projects\modules\cpgeo\cpgeo\dlls\src\cpgeo\x64\debug\cpgeo.tlog\link.read.1.tlog
c:\users\24391\onedrive - sjtu.edu.cn\minedata\learning\code\projects\modules\cpgeo\cpgeo\dlls\src\cpgeo\x64\debug\cpgeo.tlog\link.secondary.1.tlog
c:\users\24391\onedrive - sjtu.edu.cn\minedata\learning\code\projects\modules\cpgeo\cpgeo\dlls\src\cpgeo\x64\debug\cpgeo.tlog\link.write.1.tlog
