E:\Program Files\Microsoft Visual Studio\2022\Community\MSBuild\Microsoft\VC\v170\Microsoft.CppBuild.targets(520,5): warning MSB8004: Output 目录未以斜杠结尾。  此生成实例将添加斜杠，因为必须有这个斜杠才能正确计算 Output 目录。
  pch.cpp
  dllmain.cpp
  evaluate_weight.cpp
C:\Users\24391\OneDrive - sjtu.edu.cn\MineData\Learning\Code\Projects\Modules\CPGEO\CPGEO\dlls\src\CPGEO\evaluate_weight.cpp(313,57): warning C4267: “+=”: 从“size_t”转换到“int”，可能丢失数据
  (编译源文件“/evaluate_weight.cpp”)
  
C:\Users\24391\OneDrive - sjtu.edu.cn\MineData\Learning\Code\Projects\Modules\CPGEO\CPGEO\dlls\src\CPGEO\evaluate_weight.cpp(337,7): warning C4273: “build_trees”: dll 链接不一致
  (编译源文件“/evaluate_weight.cpp”)
      C:\Users\24391\OneDrive - sjtu.edu.cn\MineData\Learning\Code\Projects\Modules\CPGEO\CPGEO\dlls\src\CPGEO\pch.h(20,18):
      参见“build_trees”的前一个定义
  
C:\Users\24391\OneDrive - sjtu.edu.cn\MineData\Learning\Code\Projects\Modules\CPGEO\CPGEO\dlls\src\CPGEO\evaluate_weight.cpp(346,6): warning C4273: “delete_trees”: dll 链接不一致
  (编译源文件“/evaluate_weight.cpp”)
      C:\Users\24391\OneDrive - sjtu.edu.cn\MineData\Learning\Code\Projects\Modules\CPGEO\CPGEO\dlls\src\CPGEO\pch.h(21,17):
      参见“delete_trees”的前一个定义
  
C:\Users\24391\OneDrive - sjtu.edu.cn\MineData\Learning\Code\Projects\Modules\CPGEO\CPGEO\dlls\src\CPGEO\evaluate_weight.cpp(354,6): warning C4273: “cal_indices”: dll 链接不一致
  (编译源文件“/evaluate_weight.cpp”)
      C:\Users\24391\OneDrive - sjtu.edu.cn\MineData\Learning\Code\Projects\Modules\CPGEO\CPGEO\dlls\src\CPGEO\pch.h(22,17):
      参见“cal_indices”的前一个定义
  
C:\Users\24391\OneDrive - sjtu.edu.cn\MineData\Learning\Code\Projects\Modules\CPGEO\CPGEO\dlls\src\CPGEO\evaluate_weight.cpp(361,40): warning C4267: “=”: 从“size_t”转换到“int”，可能丢失数据
  (编译源文件“/evaluate_weight.cpp”)
  
C:\Users\24391\OneDrive - sjtu.edu.cn\MineData\Learning\Code\Projects\Modules\CPGEO\CPGEO\dlls\src\CPGEO\evaluate_weight.cpp(365,6): warning C4273: “get_indices”: dll 链接不一致
  (编译源文件“/evaluate_weight.cpp”)
      C:\Users\24391\OneDrive - sjtu.edu.cn\MineData\Learning\Code\Projects\Modules\CPGEO\CPGEO\dlls\src\CPGEO\pch.h(23,17):
      参见“get_indices”的前一个定义
  
  flip_edges.cpp
C:\Users\24391\OneDrive - sjtu.edu.cn\MineData\Learning\Code\Projects\Modules\CPGEO\CPGEO\dlls\src\CPGEO\flip_edges.cpp(219,33): warning C4838: 从“int”转换到“uint64_t”需要收缩转换
  (编译源文件“/flip_edges.cpp”)
  
C:\Users\24391\OneDrive - sjtu.edu.cn\MineData\Learning\Code\Projects\Modules\CPGEO\CPGEO\dlls\src\CPGEO\flip_edges.cpp(219,46): warning C4838: 从“int”转换到“uint64_t”需要收缩转换
  (编译源文件“/flip_edges.cpp”)
  
C:\Users\24391\OneDrive - sjtu.edu.cn\MineData\Learning\Code\Projects\Modules\CPGEO\CPGEO\dlls\src\CPGEO\flip_edges.cpp(310,6): warning C4273: “refine_triangular_mesh”: dll 链接不一致
  (编译源文件“/flip_edges.cpp”)
      C:\Users\24391\OneDrive - sjtu.edu.cn\MineData\Learning\Code\Projects\Modules\CPGEO\CPGEO\dlls\src\CPGEO\pch.h(26,17):
      参见“refine_triangular_mesh”的前一个定义
  
C:\Users\24391\OneDrive - sjtu.edu.cn\MineData\Learning\Code\Projects\Modules\CPGEO\CPGEO\dlls\src\CPGEO\flip_edges.cpp(404,5): warning C4297: “refine_triangular_mesh”: 假定函数不引发异常，但确实发生了
  (编译源文件“/flip_edges.cpp”)
      C:\Users\24391\OneDrive - sjtu.edu.cn\MineData\Learning\Code\Projects\Modules\CPGEO\CPGEO\dlls\src\CPGEO\flip_edges.cpp(404,5):
      在函数上指定了 __declspec(nothrow)、throw()、noexcept(true)或 noexcept
  
  triangular_mesh.cpp
C:\Users\24391\OneDrive - sjtu.edu.cn\MineData\Learning\Code\Projects\Modules\CPGEO\CPGEO\dlls\src\CPGEO\triangular_mesh.cpp(137,6): warning C4273: “triangular_mesh”: dll 链接不一致
  (编译源文件“/triangular_mesh.cpp”)
      C:\Users\24391\OneDrive - sjtu.edu.cn\MineData\Learning\Code\Projects\Modules\CPGEO\CPGEO\dlls\src\CPGEO\pch.h(36,17):
      参见“triangular_mesh”的前一个定义
  
C:\Users\24391\OneDrive - sjtu.edu.cn\MineData\Learning\Code\Projects\Modules\CPGEO\CPGEO\dlls\src\CPGEO\triangular_mesh.cpp(197,25): warning C4267: “=”: 从“size_t”转换到“int”，可能丢失数据
  (编译源文件“/triangular_mesh.cpp”)
  
C:\Users\24391\OneDrive - sjtu.edu.cn\MineData\Learning\Code\Projects\Modules\CPGEO\CPGEO\dlls\src\CPGEO\triangular_mesh.cpp(204,6): warning C4273: “get_triangular_mesh”: dll 链接不一致
  (编译源文件“/triangular_mesh.cpp”)
      C:\Users\24391\OneDrive - sjtu.edu.cn\MineData\Learning\Code\Projects\Modules\CPGEO\CPGEO\dlls\src\CPGEO\pch.h(37,17):
      参见“get_triangular_mesh”的前一个定义
  
  正在生成代码...
    正在创建库 ..\..\CPGEO.lib 和对象 ..\..\CPGEO.exp
  CPGEO.vcxproj -> C:\Users\24391\OneDrive - sjtu.edu.cn\MineData\Learning\Code\Projects\Modules\CPGEO\CPGEO\dlls\CPGEO.dll
