c:\users\24391\onedrive - sjtu.edu.cn\minedata\learning\code\projects\modules\cpgeo\cpgeo\dlls\src\cpgeo\x64\release\cpgeo.pch
c:\users\24391\onedrive - sjtu.edu.cn\minedata\learning\code\projects\modules\cpgeo\cpgeo\dlls\src\cpgeo\x64\release\vc143.pdb
c:\users\24391\onedrive - sjtu.edu.cn\minedata\learning\code\projects\modules\cpgeo\cpgeo\dlls\src\cpgeo\x64\release\pch.obj
c:\users\24391\onedrive - sjtu.edu.cn\minedata\learning\code\projects\modules\cpgeo\cpgeo\dlls\src\cpgeo\x64\release\triangular_mesh.obj
c:\users\24391\onedrive - sjtu.edu.cn\minedata\learning\code\projects\modules\cpgeo\cpgeo\dlls\src\cpgeo\x64\release\flip_edges.obj
c:\users\24391\onedrive - sjtu.edu.cn\minedata\learning\code\projects\modules\cpgeo\cpgeo\dlls\src\cpgeo\x64\release\evaluate_weight.obj
c:\users\24391\onedrive - sjtu.edu.cn\minedata\learning\code\projects\modules\cpgeo\cpgeo\dlls\src\cpgeo\x64\release\dllmain.obj
c:\users\24391\onedrive - sjtu.edu.cn\minedata\learning\code\projects\modules\cpgeo\cpgeo\dlls\cpgeo.dll
c:\users\24391\onedrive - sjtu.edu.cn\minedata\learning\code\projects\modules\cpgeo\cpgeo\dlls\cpgeo.pdb
c:\users\24391\onedrive - sjtu.edu.cn\minedata\learning\code\projects\modules\cpgeo\cpgeo\dlls\cpgeo.lib
c:\users\24391\onedrive - sjtu.edu.cn\minedata\learning\code\projects\modules\cpgeo\cpgeo\dlls\cpgeo.exp
c:\users\24391\onedrive - sjtu.edu.cn\minedata\learning\code\projects\modules\cpgeo\cpgeo\dlls\src\cpgeo\x64\release\cpgeo.ipdb
c:\users\24391\onedrive - sjtu.edu.cn\minedata\learning\code\projects\modules\cpgeo\cpgeo\dlls\src\cpgeo\x64\release\cpgeo.iobj
c:\users\24391\onedrive - sjtu.edu.cn\minedata\learning\code\projects\modules\cpgeo\cpgeo\dlls\src\cpgeo\x64\release\cpgeo.tlog\cl.command.1.tlog
c:\users\24391\onedrive - sjtu.edu.cn\minedata\learning\code\projects\modules\cpgeo\cpgeo\dlls\src\cpgeo\x64\release\cpgeo.tlog\cl.items.tlog
c:\users\24391\onedrive - sjtu.edu.cn\minedata\learning\code\projects\modules\cpgeo\cpgeo\dlls\src\cpgeo\x64\release\cpgeo.tlog\cl.read.1.tlog
c:\users\24391\onedrive - sjtu.edu.cn\minedata\learning\code\projects\modules\cpgeo\cpgeo\dlls\src\cpgeo\x64\release\cpgeo.tlog\cl.write.1.tlog
c:\users\24391\onedrive - sjtu.edu.cn\minedata\learning\code\projects\modules\cpgeo\cpgeo\dlls\src\cpgeo\x64\release\cpgeo.tlog\link.command.1.tlog
c:\users\24391\onedrive - sjtu.edu.cn\minedata\learning\code\projects\modules\cpgeo\cpgeo\dlls\src\cpgeo\x64\release\cpgeo.tlog\link.read.1.tlog
c:\users\24391\onedrive - sjtu.edu.cn\minedata\learning\code\projects\modules\cpgeo\cpgeo\dlls\src\cpgeo\x64\release\cpgeo.tlog\link.secondary.1.tlog
c:\users\24391\onedrive - sjtu.edu.cn\minedata\learning\code\projects\modules\cpgeo\cpgeo\dlls\src\cpgeo\x64\release\cpgeo.tlog\link.write.1.tlog
