E:\Program Files\Microsoft Visual Studio\2022\Community\MSBuild\Microsoft\VC\v170\Microsoft.CppBuild.targets(524,5): warning MSB8004: Output 目录未以斜杠结尾。  此生成实例将添加斜杠，因为必须有这个斜杠才能正确计算 Output 目录。
E:\Program Files\Microsoft Visual Studio\2022\Community\MSBuild\Microsoft\VC\v170\Microsoft.CppBuild.targets(538,5): warning MSB8028: 中间目录(x64\Release\)包含从另一个项目(CPGEO.vcxproj)共享的文件。   这会导致错误的清除和重新生成行为。
  pch.cpp
  dllmain.cpp
  get_indices.cpp
C:\Users\24391\OneDrive - sjtu.edu.cn\MineData\Learning\Code\Projects\Modules\CPGEO\CPGEO\dlls\src\CPGEO\get_indices.cpp(325,57): warning C4267: “+=”: 从“size_t”转换到“int”，可能丢失数据
  (编译源文件“/get_indices.cpp”)
  
C:\Users\24391\OneDrive - sjtu.edu.cn\MineData\Learning\Code\Projects\Modules\CPGEO\CPGEO\dlls\src\CPGEO\get_indices.cpp(349,7): warning C4273: “build_trees”: dll 链接不一致
  (编译源文件“/get_indices.cpp”)
      C:\Users\24391\OneDrive - sjtu.edu.cn\MineData\Learning\Code\Projects\Modules\CPGEO\CPGEO\dlls\src\CPGEO\pch.h(21,18):
      参见“build_trees”的前一个定义
  
C:\Users\24391\OneDrive - sjtu.edu.cn\MineData\Learning\Code\Projects\Modules\CPGEO\CPGEO\dlls\src\CPGEO\get_indices.cpp(357,6): warning C4273: “delete_trees”: dll 链接不一致
  (编译源文件“/get_indices.cpp”)
      C:\Users\24391\OneDrive - sjtu.edu.cn\MineData\Learning\Code\Projects\Modules\CPGEO\CPGEO\dlls\src\CPGEO\pch.h(22,17):
      参见“delete_trees”的前一个定义
  
C:\Users\24391\OneDrive - sjtu.edu.cn\MineData\Learning\Code\Projects\Modules\CPGEO\CPGEO\dlls\src\CPGEO\get_indices.cpp(365,6): warning C4273: “cal_indices”: dll 链接不一致
  (编译源文件“/get_indices.cpp”)
      C:\Users\24391\OneDrive - sjtu.edu.cn\MineData\Learning\Code\Projects\Modules\CPGEO\CPGEO\dlls\src\CPGEO\pch.h(23,17):
      参见“cal_indices”的前一个定义
  
C:\Users\24391\OneDrive - sjtu.edu.cn\MineData\Learning\Code\Projects\Modules\CPGEO\CPGEO\dlls\src\CPGEO\get_indices.cpp(375,40): warning C4267: “=”: 从“size_t”转换到“int”，可能丢失数据
  (编译源文件“/get_indices.cpp”)
  
C:\Users\24391\OneDrive - sjtu.edu.cn\MineData\Learning\Code\Projects\Modules\CPGEO\CPGEO\dlls\src\CPGEO\get_indices.cpp(400,6): warning C4273: “get_indices”: dll 链接不一致
  (编译源文件“/get_indices.cpp”)
      C:\Users\24391\OneDrive - sjtu.edu.cn\MineData\Learning\Code\Projects\Modules\CPGEO\CPGEO\dlls\src\CPGEO\pch.h(24,17):
      参见“get_indices”的前一个定义
  
C:\Users\24391\OneDrive - sjtu.edu.cn\MineData\Learning\Code\Projects\Modules\CPGEO\CPGEO\dlls\src\CPGEO\get_indices.cpp(401,17): warning C4267: “初始化”: 从“size_t”转换到“int”，可能丢失数据
  (编译源文件“/get_indices.cpp”)
  
  flip_edges.cpp
C:\Users\24391\OneDrive - sjtu.edu.cn\MineData\Learning\Code\Projects\Modules\CPGEO\CPGEO\dlls\src\CPGEO\flip_edges.cpp(219,33): warning C4838: 从“int”转换到“uint64_t”需要收缩转换
  (编译源文件“/flip_edges.cpp”)
  
C:\Users\24391\OneDrive - sjtu.edu.cn\MineData\Learning\Code\Projects\Modules\CPGEO\CPGEO\dlls\src\CPGEO\flip_edges.cpp(219,46): warning C4838: 从“int”转换到“uint64_t”需要收缩转换
  (编译源文件“/flip_edges.cpp”)
  
C:\Users\24391\OneDrive - sjtu.edu.cn\MineData\Learning\Code\Projects\Modules\CPGEO\CPGEO\dlls\src\CPGEO\flip_edges.cpp(310,6): warning C4273: “refine_triangular_mesh”: dll 链接不一致
  (编译源文件“/flip_edges.cpp”)
      C:\Users\24391\OneDrive - sjtu.edu.cn\MineData\Learning\Code\Projects\Modules\CPGEO\CPGEO\dlls\src\CPGEO\pch.h(36,17):
      参见“refine_triangular_mesh”的前一个定义
  
C:\Users\24391\OneDrive - sjtu.edu.cn\MineData\Learning\Code\Projects\Modules\CPGEO\CPGEO\dlls\src\CPGEO\flip_edges.cpp(404,5): warning C4297: “refine_triangular_mesh”: 假定函数不引发异常，但确实发生了
  (编译源文件“/flip_edges.cpp”)
      C:\Users\24391\OneDrive - sjtu.edu.cn\MineData\Learning\Code\Projects\Modules\CPGEO\CPGEO\dlls\src\CPGEO\flip_edges.cpp(404,5):
      在函数上指定了 __declspec(nothrow)、throw()、noexcept(true)或 noexcept
  
  get_indices_2nd.cpp
C:\Users\24391\OneDrive - sjtu.edu.cn\MineData\Learning\Code\Projects\Modules\CPGEO\CPGEO\dlls\src\CPGEO\get_indices_2nd.cpp(18,6): warning C4273: “cal_indices_2nd”: dll 链接不一致
  (编译源文件“/get_indices_2nd.cpp”)
      C:\Users\24391\OneDrive - sjtu.edu.cn\MineData\Learning\Code\Projects\Modules\CPGEO\CPGEO\dlls\src\CPGEO\pch.h(27,17):
      参见“cal_indices_2nd”的前一个定义
  
C:\Users\24391\OneDrive - sjtu.edu.cn\MineData\Learning\Code\Projects\Modules\CPGEO\CPGEO\dlls\src\CPGEO\get_indices_2nd.cpp(38,37): warning C4267: “+=”: 从“size_t”转换到“int”，可能丢失数据
  (编译源文件“/get_indices_2nd.cpp”)
  
C:\Users\24391\OneDrive - sjtu.edu.cn\MineData\Learning\Code\Projects\Modules\CPGEO\CPGEO\dlls\src\CPGEO\get_indices_2nd.cpp(77,6): warning C4273: “get_indices_2nd”: dll 链接不一致
  (编译源文件“/get_indices_2nd.cpp”)
      C:\Users\24391\OneDrive - sjtu.edu.cn\MineData\Learning\Code\Projects\Modules\CPGEO\CPGEO\dlls\src\CPGEO\pch.h(28,17):
      参见“get_indices_2nd”的前一个定义
  
  get_thresholds.cpp
C:\Users\24391\OneDrive - sjtu.edu.cn\MineData\Learning\Code\Projects\Modules\CPGEO\CPGEO\dlls\src\CPGEO\get_thresholds.cpp(9,6): warning C4273: “get_thresholds”: dll 链接不一致
  (编译源文件“/get_thresholds.cpp”)
      C:\Users\24391\OneDrive - sjtu.edu.cn\MineData\Learning\Code\Projects\Modules\CPGEO\CPGEO\dlls\src\CPGEO\pch.h(31,17):
      参见“get_thresholds”的前一个定义
  
  triangular_mesh.cpp
C:\Users\24391\OneDrive - sjtu.edu.cn\MineData\Learning\Code\Projects\Modules\CPGEO\CPGEO\dlls\src\CPGEO\triangular_mesh.cpp(137,6): warning C4273: “triangular_mesh”: dll 链接不一致
  (编译源文件“/triangular_mesh.cpp”)
      C:\Users\24391\OneDrive - sjtu.edu.cn\MineData\Learning\Code\Projects\Modules\CPGEO\CPGEO\dlls\src\CPGEO\pch.h(46,17):
      参见“triangular_mesh”的前一个定义
  
C:\Users\24391\OneDrive - sjtu.edu.cn\MineData\Learning\Code\Projects\Modules\CPGEO\CPGEO\dlls\src\CPGEO\triangular_mesh.cpp(197,25): warning C4267: “=”: 从“size_t”转换到“int”，可能丢失数据
  (编译源文件“/triangular_mesh.cpp”)
  
C:\Users\24391\OneDrive - sjtu.edu.cn\MineData\Learning\Code\Projects\Modules\CPGEO\CPGEO\dlls\src\CPGEO\triangular_mesh.cpp(204,6): warning C4273: “get_triangular_mesh”: dll 链接不一致
  (编译源文件“/triangular_mesh.cpp”)
      C:\Users\24391\OneDrive - sjtu.edu.cn\MineData\Learning\Code\Projects\Modules\CPGEO\CPGEO\dlls\src\CPGEO\pch.h(47,17):
      参见“get_triangular_mesh”的前一个定义
  
    正在创建库 ..\..\CPGEO_C.lib 和对象 ..\..\CPGEO_C.exp
  正在生成代码
  Previous IPDB was built with incompatible compiler, fall back to full compilation.
  All 1469 functions were compiled because no usable IPDB/IOBJ from previous compilation was found.
  已完成代码的生成
  CPGEO.vcxproj -> C:\Users\24391\OneDrive - sjtu.edu.cn\MineData\Learning\Code\Projects\Modules\CPGEO\CPGEO\dlls\CPGEO_C.dll
